<?xml version="1.0" encoding="UTF-8"?>
<!-- Generated by org.testng.reporters.JUnitReportReporter -->
<testsuite hostname="DESKTOP-1OAKKA5" failures="0" tests="2" name="com.W2Atesting.APItestingframework.testcases.CreateCustomerTest" time="3.801" errors="0" timestamp="2021-04-18T18:59:29 IST" skipped="0">
  <testcase classname="com.W2Atesting.APItestingframework.testcases.CreateCustomerTest" name="validateCreateCustomerApiWithValidSecretkey" time="0.813"/>
  <system-out/>
  <testcase classname="com.W2Atesting.APItestingframework.testcases.CreateCustomerTest" name="validateCreateCustomerApiWithInValidSecretkey" time="2.988"/>
  <system-out/>
</testsuite> <!-- com.W2Atesting.APItestingframework.testcases.CreateCustomerTest -->
